=== WAKU SESSION LOG ===
Session ID: 20260215_232413
Start Time: 2026-02-15T23:24:13.115825
==================================================

[2026-02-15T23:24:13.115825] EVENT: session_started
  timestamp: 1771169053.115826

[2026-02-15T23:24:13.123827] === USER DATA SUMMARY ===
  interested_fields: [empty]
  interested_fields_text: [empty]
  in_college: None
  alt_education: [empty]
  previous_experience: None
  hard_skills: [empty]
  hard_skills_text: [empty]
  soft_skills: [empty]
  soft_skills_text: [empty]
  likes: [empty]
  dislikes: [empty]
  important: [empty]
  self_description: [empty]
  confirm: False

[2026-02-15T23:24:13.551924] === CAREER MATCHES ===
  1. Data Scientist
  2. UX Designer
  3. Registered Nurse
  4. High School Teacher
  5. Electrician
  6. Marketing Manager
  7. Chef
  8. Lawyer
  9. Social Worker
  10. Graphic Designer


==================================================
Session End Time: 2026-02-15T23:24:13.562926
Log file: logs\session_20260215_232413.log
[2026-02-15T23:31:28.834503] EVENT: session_started
  timestamp: 1771169488.834503

[2026-02-15T23:31:28.841503] === USER DATA SUMMARY ===
  interested_fields: [empty]
  interested_fields_text: [empty]
  in_college: None
  alt_education: [empty]
  previous_experience: None
  hard_skills: [empty]
  hard_skills_text: [empty]
  soft_skills: [empty]
  soft_skills_text: [empty]
  likes: [empty]
  dislikes: [empty]
  important: [empty]
  self_description: [empty]
  confirm: False

