=== WAKU SESSION LOG ===
Session ID: 20260216_014227
Start Time: 2026-02-16T01:42:27.216504
==================================================

[2026-02-16T01:42:27.216504] EVENT: session_started
  timestamp: 1771177347.2165043

[2026-02-16T01:42:27.224508] === USER DATA SUMMARY ===
  interested_fields: [empty]
  interested_fields_text: [empty]
  in_college: None
  alt_education: [empty]
  previous_experience: None
  hard_skills: [empty]
  hard_skills_text: [empty]
  soft_skills: [empty]
  soft_skills_text: [empty]
  likes: [empty]
  dislikes: [empty]
  important: [empty]
  self_description: [empty]
  confirm: False

[2026-02-16T01:42:27.637599] === CAREER MATCHES ===
  1. Data Scientist
  2. UX Designer
  3. Registered Nurse
  4. High School Teacher
  5. Electrician
  6. Marketing Manager
  7. Chef
  8. Lawyer
  9. Social Worker
  10. Graphic Designer


==================================================
Session End Time: 2026-02-16T01:42:27.645601
Log file: logs\session_20260216_014227.log
